ASSERTION	AAECAAIFAAAAAAAAAFlA
RUN	cl.gera.apitwitter2.simulations.BasicSimulation	basicsimulation	1675779095466	 	3.8.4
USER	Basic Scenario	START	1675779096307
REQUEST		Authenticated user lookup	1675779096300	1675779096429	OK	 
REQUEST	Network	Get a user by username	1675779096621	1675779096716	OK	 
REQUEST	Network	User Tweet timeline	1675779096721	1675779096802	OK	 
REQUEST	Network	Follow a user	1675779096807	1675779096937	OK	 
GROUP	Network	1675779096609	1675779096938	306	OK
REQUEST	Timeline	Reverse Chronological Home Timeline	1675779096939	1675779097305	OK	 
REQUEST	Timeline	Tweet lookup	1675779097324	1675779097413	OK	 
REQUEST	Timeline	Like a tweet	1675779097414	1675779097517	OK	 
REQUEST	Timeline	Retweet	1675779097518	1675779097657	OK	 
REQUEST	Timeline	Bookmark a tweet	1675779097658	1675779097773	OK	 
GROUP	Timeline	1675779096939	1675779097773	812	OK
REQUEST	Tweeting	Text Tweet	1675779097775	1675779098170	OK	 
REQUEST	Tweeting	Text Tweet	1675779098171	1675779098346	OK	 
REQUEST	Tweeting	Post a Tweet - Thread	1675779098347	1675779098509	OK	 
REQUEST	Tweeting	Post a Tweet - Thread	1675779098510	1675779098695	OK	 
REQUEST	Tweeting	Post a Tweet - Poll	1675779098697	1675779098891	OK	 
GROUP	Tweeting	1675779097773	1675779098893	1111	OK
USER	Basic Scenario	END	1675779098896
