ASSERTION	AAECAAIFAAAAAAAAAFlA
RUN	cl.gera.apitwitter2.simulations.BasicSimulation	basicsimulation	1682542104503	 	3.8.4
USER	Basic Scenario	START	1682542105401
REQUEST		Authenticated user lookup	1682542105397	1682542105533	OK	 
REQUEST	Network	Get a user by username	1682542105716	1682542105805	OK	 
REQUEST	Network	User Tweet timeline	1682542105809	1682542105893	OK	 
REQUEST	Network	Follow a user	1682542105898	1682542106089	OK	 
GROUP	Network	1682542105701	1682542106090	364	OK
REQUEST	Timeline	Reverse Chronological Home Timeline	1682542106091	1682542106447	OK	 
REQUEST	Timeline	Tweet lookup	1682542106461	1682542106547	OK	 
REQUEST	Timeline	Like a tweet	1682542106549	1682542106672	OK	 
REQUEST	Timeline	Retweet	1682542106675	1682542106809	OK	 
REQUEST	Timeline	Bookmark a tweet	1682542106811	1682542106930	OK	 
GROUP	Timeline	1682542106091	1682542106931	818	OK
REQUEST	Tweeting	Text Tweet	1682542106931	1682542107136	OK	 
REQUEST	Tweeting	Text Tweet	1682542107138	1682542107316	OK	 
REQUEST	Tweeting	Post a Tweet - Thread	1682542107318	1682542107513	OK	 
REQUEST	Tweeting	Post a Tweet - Thread	1682542107514	1682542107692	OK	 
REQUEST	Tweeting	Post a Tweet - Poll	1682542107693	1682542107901	OK	 
GROUP	Tweeting	1682542106931	1682542107902	964	OK
USER	Basic Scenario	END	1682542107905
