ASSERTION	AAECAAIFAAAAAAAAAFlA
RUN	cl.gera.apitwitter2.simulations.BasicSimulation	basicsimulation	1677185537317	 	3.8.4
USER	Basic Scenario	START	1677185538137
REQUEST		Authenticated user lookup	1677185538131	1677185538267	OK	 
REQUEST	Network	Get a user by username	1677185538432	1677185538514	OK	 
REQUEST	Network	User Tweet timeline	1677185538518	1677185538735	OK	 
REQUEST	Network	Follow a user	1677185538740	1677185538866	OK	 
GROUP	Network	1677185538420	1677185538867	425	OK
REQUEST	Timeline	Reverse Chronological Home Timeline	1677185538868	1677185539300	OK	 
REQUEST	Timeline	Tweet lookup	1677185539317	1677185539414	OK	 
REQUEST	Timeline	Like a tweet	1677185539415	1677185539547	OK	 
REQUEST	Timeline	Retweet	1677185539548	1677185539720	OK	 
REQUEST	Timeline	Bookmark a tweet	1677185539721	1677185539858	OK	 
GROUP	Timeline	1677185538867	1677185539858	970	OK
REQUEST	Tweeting	Text Tweet	1677185539859	1677185540066	OK	 
REQUEST	Tweeting	Text Tweet	1677185540068	1677185540269	OK	 
REQUEST	Tweeting	Post a Tweet - Thread	1677185540270	1677185540483	OK	 
REQUEST	Tweeting	Post a Tweet - Thread	1677185540484	1677185540678	OK	 
REQUEST	Tweeting	Post a Tweet - Poll	1677185540679	1677185540893	OK	 
GROUP	Tweeting	1677185539858	1677185540893	1029	OK
USER	Basic Scenario	END	1677185540896
