ASSERTION	AAECAAIFAAAAAAAAAFlA
RUN	cl.gera.apitwitter2.simulations.BasicSimulation	basicsimulation	1675778383004	 	3.8.4
USER	Basic Scenario	START	1675778384215
REQUEST		Authenticated user lookup	1675778384207	1675778384345	OK	 
REQUEST	Network	Get a user by username	1675778384568	1675778384638	OK	 
REQUEST	Network	User Tweet timeline	1675778384641	1675778384772	OK	 
REQUEST	Network	Follow a user	1675778384778	1675778384884	OK	 
GROUP	Network	1675778384555	1675778384886	307	OK
REQUEST	Timeline	Reverse Chronological Home Timeline	1675778384887	1675778385303	OK	 
REQUEST	Timeline	Tweet lookup	1675778385327	1675778385404	OK	 
REQUEST	Timeline	Like a tweet	1675778385406	1675778385468	OK	 
REQUEST	Timeline	Retweet	1675778385470	1675778385545	OK	 
REQUEST	Timeline	Bookmark a tweet	1675778385547	1675778385637	OK	 
GROUP	Timeline	1675778384886	1675778385638	720	OK
REQUEST	Tweeting	Text Tweet	1675778385639	1675778385806	OK	 
REQUEST	Tweeting	Text Tweet	1675778385808	1675778385975	OK	 
REQUEST	Tweeting	Post a Tweet - Thread	1675778385977	1675778386176	OK	 
REQUEST	Tweeting	Post a Tweet - Thread	1675778386178	1675778386354	OK	 
REQUEST	Tweeting	Post a Tweet - Poll	1675778386355	1675778386559	OK	 
GROUP	Tweeting	1675778385638	1675778386560	913	OK
USER	Basic Scenario	END	1675778386564
